SF:lib\core\enums\transaction_type.dart
DA:7,0
DA:9,0
DA:11,0
LF:3
LH:0
end_of_record
SF:lib\core\errors\failures.dart
DA:3,2
DA:7,3
DA:11,0
DA:15,1
DA:19,0
DA:20,0
LF:6
LH:3
end_of_record
SF:lib\features\transactions\domain\entities\transaction.dart
DA:18,1
DA:34,0
DA:35,0
DA:38,0
DA:39,0
DA:42,0
DA:43,0
DA:45,1
DA:46,1
DA:47,1
DA:48,1
DA:49,1
DA:50,1
DA:51,1
DA:52,1
DA:53,1
DA:54,1
DA:55,1
DA:56,1
DA:57,1
DA:58,1
LF:21
LH:15
end_of_record
SF:lib\features\transactions\domain\usecases\add_transaction_usecase.dart
DA:10,0
DA:12,0
DA:14,0
LF:3
LH:0
end_of_record
SF:lib\features\transactions\domain\usecases\delete_transaction_usecase.dart
DA:11,0
DA:13,0
DA:15,0
DA:22,2
DA:24,1
DA:25,2
LF:6
LH:3
end_of_record
SF:lib\features\transactions\domain\usecases\get_transaction_by_id_usecase.dart
DA:12,0
DA:14,0
DA:16,0
DA:23,2
DA:25,1
DA:26,2
LF:6
LH:3
end_of_record
SF:lib\features\transactions\domain\usecases\get_transactions_by_category_usecase.dart
DA:12,0
DA:14,0
DA:16,0
DA:17,0
DA:18,0
DA:27,1
DA:32,1
DA:33,3
LF:8
LH:3
end_of_record
SF:lib\features\transactions\domain\usecases\get_transactions_by_date_range_usecase.dart
DA:12,0
DA:14,0
DA:16,0
DA:17,0
DA:18,0
DA:19,0
DA:29,1
DA:35,1
DA:36,4
LF:9
LH:3
end_of_record
SF:lib\features\transactions\domain\usecases\get_transactions_usecase.dart
DA:12,0
DA:14,0
DA:17,0
DA:24,2
DA:26,1
DA:27,2
LF:6
LH:3
end_of_record
SF:lib\features\transactions\domain\usecases\get_total_by_type_usecase.dart
DA:11,0
DA:13,0
DA:15,0
DA:16,0
DA:17,0
DA:18,0
DA:19,0
DA:30,1
DA:37,1
DA:38,5
LF:10
LH:3
end_of_record
SF:lib\features\transactions\domain\usecases\update_transaction_usecase.dart
DA:10,0
DA:12,0
DA:14,0
LF:3
LH:0
end_of_record
SF:lib\features\transactions\presentation\bloc\transaction_bloc.dart
DA:25,1
DA:34,2
DA:35,2
DA:36,2
DA:37,2
DA:38,2
DA:39,2
DA:40,2
DA:41,2
DA:42,2
DA:45,1
DA:49,2
DA:51,4
DA:52,1
DA:53,3
DA:54,3
DA:58,1
DA:62,2
DA:63,3
DA:64,1
DA:65,1
DA:66,1
DA:68,1
DA:69,3
DA:70,3
DA:74,1
DA:78,2
DA:79,3
DA:80,1
DA:81,1
DA:83,1
DA:84,0
DA:85,3
DA:89,1
DA:93,2
DA:94,4
DA:95,1
DA:96,0
DA:97,3
DA:101,1
DA:105,2
DA:108,3
DA:109,2
DA:110,1
DA:112,2
DA:113,1
DA:114,0
DA:115,3
DA:122,1
DA:126,2
DA:127,3
DA:128,1
DA:129,0
DA:130,3
DA:137,1
DA:141,2
DA:143,4
DA:144,1
DA:145,0
DA:146,2
DA:152,1
DA:156,2
DA:157,3
DA:158,1
DA:159,1
DA:160,1
DA:161,1
DA:163,1
DA:164,3
DA:165,3
DA:170,1
DA:171,1
DA:172,1
DA:174,1
DA:176,1
DA:177,1
DA:178,1
DA:179,1
DA:180,1
DA:181,1
DA:184,1
DA:185,1
DA:186,1
LF:83
LH:78
end_of_record
SF:lib\features\transactions\presentation\bloc\transaction_event.dart
DA:6,1
DA:8,0
DA:9,0
DA:15,1
DA:17,0
DA:18,0
DA:26,1
DA:32,0
DA:33,0
DA:40,1
DA:45,0
DA:46,0
DA:52,1
DA:54,0
DA:55,0
DA:61,1
DA:63,0
DA:64,0
DA:70,1
DA:72,0
DA:73,0
DA:79,1
DA:81,0
DA:82,0
DA:91,1
DA:98,0
DA:99,0
LF:27
LH:9
end_of_record
SF:lib\features\transactions\presentation\bloc\transaction_state.dart
DA:6,3
DA:8,1
DA:9,1
DA:19,1
DA:21,1
DA:22,2
DA:28,1
DA:30,1
DA:31,2
DA:38,3
DA:43,1
DA:44,3
DA:50,1
DA:52,0
DA:53,0
DA:55,0
DA:57,0
DA:58,0
DA:64,1
DA:65,2
DA:71,1
DA:73,1
DA:74,2
LF:23
LH:18
end_of_record
SF:lib\features\transactions\data\models\transaction_model.dart
DA:6,0
DA:19,0
DA:34,0
DA:35,0
DA:36,0
DA:37,0
DA:38,0
DA:39,0
DA:40,0
DA:41,0
DA:42,0
DA:43,0
DA:44,0
DA:45,0
DA:46,0
DA:47,0
DA:48,0
DA:49,0
DA:50,0
DA:52,0
DA:53,0
DA:54,0
DA:55,0
DA:57,0
DA:61,0
DA:62,0
DA:63,0
DA:64,0
DA:65,0
DA:66,0
DA:67,0
DA:68,0
DA:69,0
DA:70,0
DA:71,0
DA:72,0
DA:73,0
DA:74,0
DA:78,0
DA:79,0
DA:80,0
DA:81,0
DA:82,0
DA:83,0
DA:84,0
DA:85,0
DA:86,0
DA:87,0
DA:88,0
DA:89,0
DA:90,0
DA:91,0
LF:52
LH:0
end_of_record
SF:lib\features\transactions\data\datasources\transaction_datasource.dart
DA:23,0
DA:25,0
DA:28,0
DA:31,0
DA:34,0
DA:36,0
DA:37,0
DA:38,0
DA:39,0
DA:41,0
DA:45,0
DA:49,0
DA:50,0
DA:51,0
DA:54,0
DA:57,0
DA:59,0
DA:60,0
DA:61,0
DA:62,0
DA:64,0
DA:68,0
DA:73,0
DA:74,0
DA:75,0
DA:76,0
DA:79,0
DA:82,0
DA:84,0
DA:85,0
DA:86,0
DA:87,0
DA:89,0
DA:93,0
DA:97,0
DA:99,0
DA:100,0
DA:103,0
DA:104,0
DA:106,0
DA:110,0
DA:113,0
DA:114,0
DA:115,0
DA:116,0
DA:120,0
DA:124,0
DA:128,0
DA:129,0
DA:130,0
DA:131,0
DA:135,0
DA:139,0
DA:142,0
DA:144,0
DA:148,0
DA:152,0
DA:153,0
DA:154,0
DA:157,0
DA:162,0
DA:163,0
DA:166,0
DA:170,0
DA:171,0
DA:172,0
DA:173,0
DA:174,0
DA:175,0
DA:180,0
LF:70
LH:0
end_of_record
SF:lib\core\errors\exceptions.dart
DA:3,0
DA:8,0
DA:13,0
LF:3
LH:0
end_of_record
SF:lib\core\network\network_info.dart
DA:10,0
DA:12,0
DA:13,0
LF:3
LH:0
end_of_record
SF:lib\features\transactions\data\repositories\transaction_repository_impl.dart
DA:15,0
DA:20,0
DA:23,0
DA:26,0
DA:27,0
DA:36,0
DA:40,0
DA:42,0
DA:43,0
DA:44,0
DA:53,0
DA:57,0
DA:59,0
DA:60,0
DA:61,0
DA:70,0
DA:72,0
DA:74,0
DA:75,0
DA:84,0
DA:87,0
DA:89,0
DA:91,0
DA:92,0
DA:101,0
DA:104,0
DA:106,0
DA:108,0
DA:109,0
DA:118,0
DA:120,0
DA:122,0
DA:132,0
DA:135,0
DA:137,0
DA:139,0
LF:36
LH:0
end_of_record
